# JRE version: Java(TM) SE Runtime Environment (8.0_92-b14) (build 1.8.0_92-b14)
# Java VM: Java HotSpot(TM) 64-Bit Server VM (25.92-b14 mixed mode bsd-amd64 compressed oops)
Heap:
 PSYoungGen      total 37376K, used 4044K [0x0000000795580000, 0x0000000799b00000, 0x00000007c0000000)
  eden space 33280K, 0% used [0x0000000795580000,0x00000007955abf40,0x0000000797600000)
  from space 4096K, 94% used [0x0000000799700000,0x0000000799ac7220,0x0000000799b00000)
  to   space 5120K, 0% used [0x0000000799100000,0x0000000799100000,0x0000000799600000)
 ParOldGen       total 87552K, used 25680K [0x0000000740000000, 0x0000000745580000, 0x0000000795580000)
  object space 87552K, 29% used [0x0000000740000000,0x00000007419140c8,0x0000000745580000)
 Metaspace       used 14639K, capacity 14906K, committed 15232K, reserved 1062912K
  class space    used 1770K, capacity 1844K, committed 1920K, reserved 1048576K
GC Heap History (10 events):
Event: 1.152 GC heap before
{Heap before GC invocations=1 (full 0):
 PSYoungGen      total 38400K, used 32964K [0x0000000795580000, 0x0000000798000000, 0x00000007c0000000)
  eden space 33280K, 99% used [0x0000000795580000,0x00000007975b1188,0x0000000797600000)
  from space 5120K, 0% used [0x0000000797b00000,0x0000000797b00000,0x0000000798000000)
  to   space 5120K, 0% used [0x0000000797600000,0x0000000797600000,0x0000000797b00000)
 ParOldGen       total 87552K, used 0K [0x0000000740000000, 0x0000000745580000, 0x0000000795580000)
  object space 87552K, 0% used [0x0000000740000000,0x0000000740000000,0x0000000745580000)
 Metaspace       used 8683K, capacity 8828K, committed 9088K, reserved 1056768K
  class space    used 1037K, capacity 1091K, committed 1152K, reserved 1048576K
Event: 1.167 GC heap after
Heap after GC invocations=1 (full 0):
 PSYoungGen      total 38400K, used 1968K [0x0000000795580000, 0x000000079a080000, 0x00000007c0000000)
  eden space 33280K, 0% used [0x0000000795580000,0x0000000795580000,0x0000000797600000)
  from space 5120K, 38% used [0x0000000797600000,0x00000007977ec020,0x0000000797b00000)
  to   space 5120K, 0% used [0x0000000799b80000,0x0000000799b80000,0x000000079a080000)
 ParOldGen       total 87552K, used 30139K [0x0000000740000000, 0x0000000745580000, 0x0000000795580000)
  object space 87552K, 34% used [0x0000000740000000,0x0000000741d6ed30,0x0000000745580000)
 Metaspace       used 8683K, capacity 8828K, committed 9088K, reserved 1056768K
  class space    used 1037K, capacity 1091K, committed 1152K, reserved 1048576K
}
Event: 28.079 GC heap before
{Heap before GC invocations=2 (full 0):
 PSYoungGen      total 38400K, used 35248K [0x0000000795580000, 0x000000079a080000, 0x00000007c0000000)
  eden space 33280K, 100% used [0x0000000795580000,0x0000000797600000,0x0000000797600000)
  from space 5120K, 38% used [0x0000000797600000,0x00000007977ec020,0x0000000797b00000)
  to   space 5120K, 0% used [0x0000000799b80000,0x0000000799b80000,0x000000079a080000)
 ParOldGen       total 87552K, used 30139K [0x0000000740000000, 0x0000000745580000, 0x0000000795580000)
  object space 87552K, 34% used [0x0000000740000000,0x0000000741d6ed30,0x0000000745580000)
 Metaspace       used 13745K, capacity 13940K, committed 14208K, reserved 1060864K
  class space    used 1751K, capacity 1843K, committed 1920K, reserved 1048576K
Event: 28.096 GC heap after
Heap after GC invocations=2 (full 0):
 PSYoungGen      total 37376K, used 3857K [0x0000000795580000, 0x0000000799f80000, 0x00000007c0000000)
  eden space 33280K, 0% used [0x0000000795580000,0x0000000795580000,0x0000000797600000)
  from space 4096K, 94% used [0x0000000799b80000,0x0000000799f444e0,0x0000000799f80000)
  to   space 5120K, 0% used [0x0000000799580000,0x0000000799580000,0x0000000799a80000)
 ParOldGen       total 87552K, used 60286K [0x0000000740000000, 0x0000000745580000, 0x0000000795580000)
  object space 87552K, 68% used [0x0000000740000000,0x0000000743adfa60,0x0000000745580000)
 Metaspace       used 13745K, capacity 13940K, committed 14208K, reserved 1060864K
  class space    used 1751K, capacity 1843K, committed 1920K, reserved 1048576K
}
Event: 28.096 GC heap before
{Heap before GC invocations=3 (full 1):
 PSYoungGen      total 37376K, used 3857K [0x0000000795580000, 0x0000000799f80000, 0x00000007c0000000)
  eden space 33280K, 0% used [0x0000000795580000,0x0000000795580000,0x0000000797600000)
  from space 4096K, 94% used [0x0000000799b80000,0x0000000799f444e0,0x0000000799f80000)
  to   space 5120K, 0% used [0x0000000799580000,0x0000000799580000,0x0000000799a80000)
 ParOldGen       total 87552K, used 60286K [0x0000000740000000, 0x0000000745580000, 0x0000000795580000)
  object space 87552K, 68% used [0x0000000740000000,0x0000000743adfa60,0x0000000745580000)
 Metaspace       used 13745K, capacity 13940K, committed 14208K, reserved 1060864K
  class space    used 1751K, capacity 1843K, committed 1920K, reserved 1048576K
Event: 28.118 GC heap after
Heap after GC invocations=3 (full 1):
 PSYoungGen      total 37376K, used 0K [0x0000000795580000, 0x0000000799f80000, 0x00000007c0000000)
  eden space 33280K, 0% used [0x0000000795580000,0x0000000795580000,0x0000000797600000)
  from space 4096K, 0% used [0x0000000799b80000,0x0000000799b80000,0x0000000799f80000)
  to   space 5120K, 0% used [0x0000000799580000,0x0000000799580000,0x0000000799a80000)
 ParOldGen       total 87552K, used 23857K [0x0000000740000000, 0x0000000745580000, 0x0000000795580000)
  object space 87552K, 27% used [0x0000000740000000,0x000000074174c7b8,0x0000000745580000)
 Metaspace       used 13745K, capacity 13940K, committed 14208K, reserved 1060864K
  class space    used 1751K, capacity 1843K, committed 1920K, reserved 1048576K
}
Event: 1042.047 GC heap before
{Heap before GC invocations=4 (full 1):
 PSYoungGen      total 37376K, used 33280K [0x0000000795580000, 0x0000000799f80000, 0x00000007c0000000)
  eden space 33280K, 100% used [0x0000000795580000,0x0000000797600000,0x0000000797600000)
  from space 4096K, 0% used [0x0000000799b80000,0x0000000799b80000,0x0000000799f80000)
  to   space 5120K, 0% used [0x0000000799580000,0x0000000799580000,0x0000000799a80000)
 ParOldGen       total 87552K, used 23857K [0x0000000740000000, 0x0000000745580000, 0x0000000795580000)
  object space 87552K, 27% used [0x0000000740000000,0x000000074174c7b8,0x0000000745580000)
 Metaspace       used 14319K, capacity 14522K, committed 14720K, reserved 1062912K
  class space    used 1766K, capacity 1844K, committed 1920K, reserved 1048576K
Event: 1042.049 GC heap after
Heap after GC invocations=4 (full 1):
 PSYoungGen      total 33792K, used 208K [0x0000000795580000, 0x0000000799c00000, 0x00000007c0000000)
  eden space 33280K, 0% used [0x0000000795580000,0x0000000795580000,0x0000000797600000)
  from space 512K, 40% used [0x0000000799580000,0x00000007995b4010,0x0000000799600000)
  to   space 5120K, 0% used [0x0000000799700000,0x0000000799700000,0x0000000799c00000)
 ParOldGen       total 87552K, used 23865K [0x0000000740000000, 0x0000000745580000, 0x0000000795580000)
  object space 87552K, 27% used [0x0000000740000000,0x000000074174e7b8,0x0000000745580000)
 Metaspace       used 14319K, capacity 14522K, committed 14720K, reserved 1062912K
  class space    used 1766K, capacity 1844K, committed 1920K, reserved 1048576K
}
Event: 87201.899 GC heap before
{Heap before GC invocations=5 (full 1):
 PSYoungGen      total 33792K, used 33488K [0x0000000795580000, 0x0000000799c00000, 0x00000007c0000000)
  eden space 33280K, 100% used [0x0000000795580000,0x0000000797600000,0x0000000797600000)
  from space 512K, 40% used [0x0000000799580000,0x00000007995b4010,0x0000000799600000)
  to   space 5120K, 0% used [0x0000000799700000,0x0000000799700000,0x0000000799c00000)
 ParOldGen       total 87552K, used 23865K [0x0000000740000000, 0x0000000745580000, 0x0000000795580000)
  object space 87552K, 27% used [0x0000000740000000,0x000000074174e7b8,0x0000000745580000)
 Metaspace       used 14635K, capacity 14906K, committed 15232K, reserved 1062912K
  class space    used 1770K, capacity 1844K, committed 1920K, reserved 1048576K
Event: 87201.925 GC heap after
Heap after GC invocations=5 (full 1):
 PSYoungGen      total 37376K, used 3868K [0x0000000795580000, 0x0000000799b00000, 0x00000007c0000000)
  eden space 33280K, 0% used [0x0000000795580000,0x0000000795580000,0x0000000797600000)
  from space 4096K, 94% used [0x0000000799700000,0x0000000799ac7220,0x0000000799b00000)
  to   space 5120K, 0% used [0x0000000799100000,0x0000000799100000,0x0000000799600000)
 ParOldGen       total 87552K, used 25680K [0x0000000740000000, 0x0000000745580000, 0x0000000795580000)
  object space 87552K, 29% used [0x0000000740000000,0x00000007419140c8,0x0000000745580000)
 Metaspace       used 14635K, capacity 14906K, committed 15232K, reserved 1062912K
  class space    used 1770K, capacity 1844K, committed 1920K, reserved 1048576K
}

